<?xml version="1.0" encoding="UTF-8"?>
<!-- Generated by org.testng.reporters.JUnitXMLReporter -->
<testsuite ignored="0" hostname="LAPTOP-HFMGAG8B" failures="0" tests="4" name="darazTest" time="0.105" errors="0" timestamp="05 Dec 2020 02:42:12 GMT">
  <testcase classname="shopping.daraz.TestCustomerCare" name="@BeforeMethod launchBrowser" time="0.0">
    <failure type="java.lang.NullPointerException" message="Cannot invoke &amp;quot;String.equalsIgnoreCase(String)&amp;quot; because &amp;quot;browser&amp;quot; is null">
      <![CDATA[java.lang.NullPointerException: Cannot invoke "String.equalsIgnoreCase(String)" because "browser" is null
at shopping.daraz.DarazMain.initializeBrowser(DarazMain.java:47)
at shopping.daraz.TestCustomerCare.launchBrowser(TestCustomerCare.java:13)
... Removed 28 stack frames]]>
    </failure>
  </testcase> <!-- @BeforeMethod launchBrowser -->
  <testcase classname="shopping.daraz.TestCustomerCare" name="@AfterMethod exitBrowser" time="0.0">
    <skipped/>
  </testcase> <!-- @AfterMethod exitBrowser -->
  <testcase classname="shopping.daraz.TestOrderTracking" name="@BeforeMethod launchBrowser" time="0.0">
    <failure type="java.lang.NullPointerException" message="Cannot invoke &amp;quot;String.equalsIgnoreCase(String)&amp;quot; because &amp;quot;browser&amp;quot; is null">
      <![CDATA[java.lang.NullPointerException: Cannot invoke "String.equalsIgnoreCase(String)" because "browser" is null
at shopping.daraz.DarazMain.initializeBrowser(DarazMain.java:47)
at shopping.daraz.TestOrderTracking.launchBrowser(TestOrderTracking.java:13)
... Removed 28 stack frames]]>
    </failure>
  </testcase> <!-- @BeforeMethod launchBrowser -->
  <testcase classname="shopping.daraz.TestOrderTracking" name="@AfterMethod exitBrowser" time="0.0">
    <skipped/>
  </testcase> <!-- @AfterMethod exitBrowser -->
  <testcase classname="shopping.daraz.TestElectronicDevices" name="@BeforeMethod launchBrowser" time="0.001">
    <failure type="java.lang.NullPointerException" message="Cannot invoke &amp;quot;String.equalsIgnoreCase(String)&amp;quot; because &amp;quot;browser&amp;quot; is null">
      <![CDATA[java.lang.NullPointerException: Cannot invoke "String.equalsIgnoreCase(String)" because "browser" is null
at shopping.daraz.DarazMain.initializeBrowser(DarazMain.java:47)
at shopping.daraz.TestElectronicDevices.launchBrowser(TestElectronicDevices.java:21)
... Removed 28 stack frames]]>
    </failure>
  </testcase> <!-- @BeforeMethod launchBrowser -->
  <testcase classname="shopping.daraz.TestElectronicDevices" name="@AfterMethod exitBrowser" time="0.0">
    <skipped/>
  </testcase> <!-- @AfterMethod exitBrowser -->
  <testcase classname="shopping.daraz.TestElectronicDevices" name="@BeforeMethod launchBrowser" time="0.0">
    <skipped/>
  </testcase> <!-- @BeforeMethod launchBrowser -->
  <testcase classname="shopping.daraz.TestElectronicDevices" name="@AfterMethod exitBrowser" time="0.0">
    <skipped/>
  </testcase> <!-- @AfterMethod exitBrowser -->
  <testcase classname="shopping.daraz.TestCustomerCare" name="customerCare" time="0.0">
    <skipped/>
  </testcase> <!-- customerCare -->
  <testcase classname="shopping.daraz.TestOrderTracking" name="trackMyOrder" time="0.0">
    <skipped/>
  </testcase> <!-- trackMyOrder -->
  <testcase classname="shopping.daraz.TestElectronicDevices" name="verifyHomePage" time="0.0">
    <skipped/>
  </testcase> <!-- verifyHomePage -->
  <testcase classname="shopping.daraz.TestElectronicDevices" name="electronicDevices" time="0.0">
    <skipped/>
  </testcase> <!-- electronicDevices -->
</testsuite> <!-- darazTest -->
